2023-02-02 19:24:36,255 - Namespace(batch_size=4, epochs=10, learning_rate=0.0001, print_freq=100, project_name='resnet_cifar10')
2023-02-02 19:24:36,376 - Popen(['git', 'rev-parse', '--show-toplevel'], cwd=C:\Users\hjjh2\workspace\machine-learning-study, universal_newlines=False, shell=None, istream=None)
2023-02-02 19:24:41,895 - Starting new HTTPS connection (1): api.wandb.ai:443
2023-02-02 19:24:42,128 - https://api.wandb.ai:443 "POST /graphql HTTP/1.1" 200 578
2023-02-02 19:24:42,138 - Starting new HTTPS connection (1): api.wandb.ai:443
2023-02-02 19:24:42,360 - https://api.wandb.ai:443 "POST /graphql HTTP/1.1" 200 327
2023-02-02 19:24:42,436 - Popen(['git', 'cat-file', '--batch-check'], cwd=C:\Users\hjjh2\workspace\machine-learning-study, universal_newlines=False, shell=None, istream=<valid stream>)
2023-02-02 19:24:46,887 -  [LOSS]] : 2.450760841369629 | [ACC]:0.0
2023-02-02 19:24:48,669 -  [LOSS]] : 2.6523776054382324 | [ACC]:14.108910891089108
2023-02-02 19:24:50,491 -  [LOSS]] : 3.032575845718384 | [ACC]:14.925373134328357
2023-02-02 19:24:52,268 -  [LOSS]] : 2.0761148929595947 | [ACC]:14.451827242524917
2023-02-02 19:24:54,007 -  [LOSS]] : 1.7299703359603882 | [ACC]:14.089775561097257
2023-02-02 19:24:55,741 -  [LOSS]] : 2.315145969390869 | [ACC]:15.06986027944112
2023-02-02 19:24:57,567 -  [LOSS]] : 1.491749882698059 | [ACC]:15.682196339434276
2023-02-02 19:24:59,438 -  [LOSS]] : 2.2420730590820312 | [ACC]:16.690442225392296
2023-02-02 19:25:01,245 -  [LOSS]] : 2.2471675872802734 | [ACC]:17.134831460674157
2023-02-02 19:25:03,112 -  [LOSS]] : 1.770440697669983 | [ACC]:17.7857935627081
2023-02-02 19:25:07,239 -  [LOSS]] : 2.1401314735412598 | [ACC]:18.256743256743256
2023-02-02 19:25:11,918 -  [LOSS]] : 2.127657175064087 | [ACC]:18.642143505903725
2023-02-02 19:25:16,706 -  [LOSS]] : 1.9481626749038696 | [ACC]:18.63030807660283
2023-02-02 19:25:21,276 -  [LOSS]] : 1.9770219326019287 | [ACC]:18.447348193697156
2023-02-02 19:25:25,935 -  [LOSS]] : 1.6779937744140625 | [ACC]:18.61170592433976
2023-02-02 19:25:55,535 - Namespace(batch_size=4, epochs=10, learning_rate=0.001, print_freq=100, project_name='resnet_cifar10')
2023-02-02 19:25:55,677 - Popen(['git', 'rev-parse', '--show-toplevel'], cwd=C:\Users\hjjh2\workspace\machine-learning-study, universal_newlines=False, shell=None, istream=None)
2023-02-02 19:26:01,217 - Starting new HTTPS connection (1): api.wandb.ai:443
2023-02-02 19:26:01,455 - https://api.wandb.ai:443 "POST /graphql HTTP/1.1" 200 578
2023-02-02 19:26:01,465 - Starting new HTTPS connection (1): api.wandb.ai:443
2023-02-02 19:26:01,696 - https://api.wandb.ai:443 "POST /graphql HTTP/1.1" 200 327
2023-02-02 19:26:01,774 - Popen(['git', 'cat-file', '--batch-check'], cwd=C:\Users\hjjh2\workspace\machine-learning-study, universal_newlines=False, shell=None, istream=<valid stream>)
2023-02-02 19:26:06,245 -  [LOSS]] : 2.310882091522217 | [ACC]:25.0
2023-02-02 19:26:08,005 -  [LOSS]] : 3.9547059535980225 | [ACC]:12.128712871287128
2023-02-02 19:26:09,787 -  [LOSS]] : 3.098719596862793 | [ACC]:13.681592039800993
2023-02-02 19:26:11,530 -  [LOSS]] : 2.2702059745788574 | [ACC]:13.372093023255813
2023-02-02 19:26:13,225 -  [LOSS]] : 2.2118284702301025 | [ACC]:12.1571072319202
2023-02-02 19:26:14,970 -  [LOSS]] : 2.4777047634124756 | [ACC]:12.4750499001996
2023-02-02 19:26:16,725 -  [LOSS]] : 2.2859015464782715 | [ACC]:12.687188019966722
2023-02-02 19:26:18,434 -  [LOSS]] : 2.2495410442352295 | [ACC]:12.981455064194009
2023-02-02 19:26:20,190 -  [LOSS]] : 2.7330074310302734 | [ACC]:12.85892634207241
2023-02-02 19:26:21,878 -  [LOSS]] : 2.2947754859924316 | [ACC]:13.263041065482797
2023-02-02 19:26:23,639 -  [LOSS]] : 2.4821364879608154 | [ACC]:13.386613386613385
2023-02-02 19:26:25,462 -  [LOSS]] : 2.223125457763672 | [ACC]:13.623978201634879
2023-02-02 19:26:27,246 -  [LOSS]] : 2.387138605117798 | [ACC]:13.467943380516237
2023-02-02 19:26:29,066 -  [LOSS]] : 2.4431474208831787 | [ACC]:13.220599538816295
2023-02-02 19:26:30,785 -  [LOSS]] : 2.314091205596924 | [ACC]:13.25838686652391
2023-02-02 19:26:32,572 -  [LOSS]] : 2.0000884532928467 | [ACC]:13.307794803464358
2023-02-02 19:26:34,340 -  [LOSS]] : 2.328599452972412 | [ACC]:13.319800124921924
2023-02-02 19:26:36,120 -  [LOSS]] : 2.519120693206787 | [ACC]:13.433274544385657
2023-02-02 19:26:37,848 -  [LOSS]] : 2.185253620147705 | [ACC]:13.450860632981676
2023-02-02 19:26:39,611 -  [LOSS]] : 1.8904834985733032 | [ACC]:13.5718043135192
2023-02-02 19:26:41,426 -  [LOSS]] : 2.0698421001434326 | [ACC]:13.693153423288356
2023-02-02 19:26:43,389 -  [LOSS]] : 2.196373701095581 | [ACC]:13.814850071394574
2023-02-02 19:26:45,311 -  [LOSS]] : 2.743242025375366 | [ACC]:13.777828259881872
2023-02-02 19:26:47,161 -  [LOSS]] : 2.379997968673706 | [ACC]:13.906996957844415
2023-02-02 19:26:48,924 -  [LOSS]] : 2.2486648559570312 | [ACC]:14.087880049979177
2023-02-02 19:26:50,624 -  [LOSS]] : 2.2127065658569336 | [ACC]:14.12435025989604
2023-02-02 19:26:52,419 -  [LOSS]] : 2.0928051471710205 | [ACC]:14.167627835447904
2023-02-02 19:26:54,139 -  [LOSS]] : 2.5016679763793945 | [ACC]:14.216956682710109
2023-02-02 19:26:55,964 -  [LOSS]] : 2.6248884201049805 | [ACC]:14.343091752945378
2023-02-02 19:26:57,737 -  [LOSS]] : 1.7360131740570068 | [ACC]:14.37435367114788
2023-02-02 19:26:59,497 -  [LOSS]] : 2.0704290866851807 | [ACC]:14.478507164278573
2023-02-02 19:26:59,503 - accuracy : 25.0
2023-02-02 19:26:59,504 -  [LOSS]] : 2.255713701248169 | [ACC]:25.0
2023-02-02 19:26:59,511 - accuracy : 12.5
2023-02-02 19:26:59,517 - accuracy : 8.333333333333332
2023-02-02 19:26:59,522 - accuracy : 12.5
2023-02-02 19:26:59,527 - accuracy : 15.0
2023-02-02 19:26:59,533 - accuracy : 16.666666666666664
2023-02-02 19:26:59,538 - accuracy : 14.285714285714285
2023-02-02 19:26:59,544 - accuracy : 15.625
2023-02-02 19:26:59,549 - accuracy : 16.666666666666664
2023-02-02 19:26:59,555 - accuracy : 20.0
2023-02-02 19:26:59,560 - accuracy : 20.454545454545457
2023-02-02 19:26:59,565 - accuracy : 18.75
2023-02-02 19:26:59,570 - accuracy : 17.307692307692307
2023-02-02 19:26:59,576 - accuracy : 17.857142857142858
2023-02-02 19:26:59,581 - accuracy : 16.666666666666664
2023-02-02 19:26:59,587 - accuracy : 15.625
2023-02-02 19:26:59,592 - accuracy : 14.705882352941178
2023-02-02 19:26:59,597 - accuracy : 13.88888888888889
2023-02-02 19:26:59,603 - accuracy : 13.157894736842104
2023-02-02 19:26:59,608 - accuracy : 12.5
2023-02-02 19:26:59,613 - accuracy : 11.904761904761903
2023-02-02 19:26:59,619 - accuracy : 13.636363636363635
2023-02-02 19:26:59,624 - accuracy : 13.043478260869565
2023-02-02 19:26:59,630 - accuracy : 14.583333333333334
2023-02-02 19:26:59,636 - accuracy : 14.000000000000002
2023-02-02 19:26:59,641 - accuracy : 15.384615384615385
2023-02-02 19:26:59,646 - accuracy : 14.814814814814813
2023-02-02 19:26:59,652 - accuracy : 16.071428571428573
2023-02-02 19:26:59,656 - accuracy : 15.517241379310345
2023-02-02 19:26:59,661 - accuracy : 15.0
2023-02-02 19:26:59,665 - accuracy : 14.516129032258066
2023-02-02 19:26:59,671 - accuracy : 14.0625
2023-02-02 19:26:59,676 - accuracy : 14.393939393939394
2023-02-02 19:26:59,681 - accuracy : 14.705882352941178
2023-02-02 19:26:59,686 - accuracy : 14.285714285714285
2023-02-02 19:26:59,691 - accuracy : 13.88888888888889
2023-02-02 19:26:59,695 - accuracy : 13.513513513513514
2023-02-02 19:26:59,700 - accuracy : 13.815789473684212
2023-02-02 19:26:59,708 - accuracy : 13.461538461538462
2023-02-02 19:26:59,712 - accuracy : 13.750000000000002
2023-02-02 19:26:59,718 - accuracy : 13.414634146341465
2023-02-02 19:26:59,722 - accuracy : 13.690476190476192
2023-02-02 19:26:59,726 - accuracy : 13.372093023255813
2023-02-02 19:26:59,730 - accuracy : 13.636363636363635
2023-02-02 19:26:59,735 - accuracy : 13.333333333333334
2023-02-02 19:26:59,741 - accuracy : 13.043478260869565
2023-02-02 19:26:59,747 - accuracy : 12.76595744680851
2023-02-02 19:26:59,752 - accuracy : 12.5
2023-02-02 19:26:59,757 - accuracy : 12.244897959183673
2023-02-02 19:26:59,762 - accuracy : 12.0
2023-02-02 19:26:59,769 - accuracy : 12.745098039215685
